Release 14.7 - xst P.20131013 (nt64)
Copyright (c) 1995-2013 Xilinx, Inc.  All rights reserved.
--> Parameter TMPDIR set to xst/projnav.tmp


Total REAL time to Xst completion: 0.00 secs
Total CPU time to Xst completion: 0.11 secs
 
--> Parameter xsthdpdir set to xst


Total REAL time to Xst completion: 0.00 secs
Total CPU time to Xst completion: 0.12 secs
 
--> Reading design: Decodificador_instruccion.prj

TABLE OF CONTENTS
  1) Synthesis Options Summary
  2) HDL Parsing
  3) HDL Elaboration
  4) HDL Synthesis
       4.1) HDL Synthesis Report
  5) Advanced HDL Synthesis
       5.1) Advanced HDL Synthesis Report
  6) Low Level Synthesis
  7) Partition Report
  8) Design Summary
       8.1) Primitive and Black Box Usage
       8.2) Device utilization summary
       8.3) Partition Resource Summary
       8.4) Timing Report
            8.4.1) Clock Information
            8.4.2) Asynchronous Control Signals Information
            8.4.3) Timing Summary
            8.4.4) Timing Details
            8.4.5) Cross Clock Domains Report


=========================================================================
*                      Synthesis Options Summary                        *
=========================================================================
---- Source Parameters
Input File Name                    : "Decodificador_instruccion.prj"
Ignore Synthesis Constraint File   : NO

---- Target Parameters
Output File Name                   : "Decodificador_instruccion"
Output Format                      : NGC
Target Device                      : xc7a100t-3-csg324

---- Source Options
Top Module Name                    : Decodificador_instruccion
Automatic FSM Extraction           : YES
FSM Encoding Algorithm             : Auto
Safe Implementation                : No
FSM Style                          : LUT
RAM Extraction                     : Yes
RAM Style                          : Auto
ROM Extraction                     : Yes
Shift Register Extraction          : YES
ROM Style                          : Auto
Resource Sharing                   : YES
Asynchronous To Synchronous        : NO
Shift Register Minimum Size        : 2
Use DSP Block                      : Auto
Automatic Register Balancing       : No

---- Target Options
LUT Combining                      : Auto
Reduce Control Sets                : Auto
Add IO Buffers                     : YES
Global Maximum Fanout              : 100000
Add Generic Clock Buffer(BUFG)     : 32
Register Duplication               : YES
Optimize Instantiated Primitives   : NO
Use Clock Enable                   : Auto
Use Synchronous Set                : Auto
Use Synchronous Reset              : Auto
Pack IO Registers into IOBs        : Auto
Equivalent register Removal        : YES

---- General Options
Optimization Goal                  : Speed
Optimization Effort                : 1
Power Reduction                    : NO
Keep Hierarchy                     : No
Netlist Hierarchy                  : As_Optimized
RTL Output                         : Yes
Global Optimization                : AllClockNets
Read Cores                         : YES
Write Timing Constraints           : NO
Cross Clock Analysis               : NO
Hierarchy Separator                : /
Bus Delimiter                      : <>
Case Specifier                     : Maintain
Slice Utilization Ratio            : 100
BRAM Utilization Ratio             : 100
DSP48 Utilization Ratio            : 100
Auto BRAM Packing                  : NO
Slice Utilization Ratio Delta      : 5

=========================================================================


=========================================================================
*                          HDL Parsing                                  *
=========================================================================
Parsing VHDL file "C:\Users\jvmom\OneDrive\Escritorio\5to Semestre\Arquitectura de Computadoras\Decodificador_instruccion\Decodificador_instruccion.vhd" into library work
Parsing entity <Decodificador_instruccion>.
Parsing architecture <Behavioral> of entity <decodificador_instruccion>.

=========================================================================
*                            HDL Elaboration                            *
=========================================================================

Elaborating entity <Decodificador_instruccion> (architecture <Behavioral>) from library <work>.

=========================================================================
*                           HDL Synthesis                               *
=========================================================================

Synthesizing Unit <Decodificador_instruccion>.
    Related source file is "C:\Users\jvmom\OneDrive\Escritorio\5to Semestre\Arquitectura de Computadoras\Decodificador_instruccion\Decodificador_instruccion.vhd".
WARNING:Xst:737 - Found 1-bit latch for signal <sel_rel>. Latches may be generated from incomplete case or if statements. We do not recommend the use of latches in FPGA/CPLD designs, as they may lead to timing problems.
WARNING:Xst:737 - Found 1-bit latch for signal <Br>. Latches may be generated from incomplete case or if statements. We do not recommend the use of latches in FPGA/CPLD designs, as they may lead to timing problems.
WARNING:Xst:737 - Found 1-bit latch for signal <en_w>. Latches may be generated from incomplete case or if statements. We do not recommend the use of latches in FPGA/CPLD designs, as they may lead to timing problems.
WARNING:Xst:737 - Found 1-bit latch for signal <en_port>. Latches may be generated from incomplete case or if statements. We do not recommend the use of latches in FPGA/CPLD designs, as they may lead to timing problems.
WARNING:Xst:737 - Found 1-bit latch for signal <en_sreg>. Latches may be generated from incomplete case or if statements. We do not recommend the use of latches in FPGA/CPLD designs, as they may lead to timing problems.
WARNING:Xst:737 - Found 1-bit latch for signal <sel_alu<2>>. Latches may be generated from incomplete case or if statements. We do not recommend the use of latches in FPGA/CPLD designs, as they may lead to timing problems.
WARNING:Xst:737 - Found 1-bit latch for signal <sel_alu<1>>. Latches may be generated from incomplete case or if statements. We do not recommend the use of latches in FPGA/CPLD designs, as they may lead to timing problems.
WARNING:Xst:737 - Found 1-bit latch for signal <sel_alu<0>>. Latches may be generated from incomplete case or if statements. We do not recommend the use of latches in FPGA/CPLD designs, as they may lead to timing problems.
WARNING:Xst:737 - Found 1-bit latch for signal <sel_read_d<4>>. Latches may be generated from incomplete case or if statements. We do not recommend the use of latches in FPGA/CPLD designs, as they may lead to timing problems.
WARNING:Xst:737 - Found 1-bit latch for signal <sel_read_d<3>>. Latches may be generated from incomplete case or if statements. We do not recommend the use of latches in FPGA/CPLD designs, as they may lead to timing problems.
WARNING:Xst:737 - Found 1-bit latch for signal <sel_read_d<2>>. Latches may be generated from incomplete case or if statements. We do not recommend the use of latches in FPGA/CPLD designs, as they may lead to timing problems.
WARNING:Xst:737 - Found 1-bit latch for signal <sel_read_d<1>>. Latches may be generated from incomplete case or if statements. We do not recommend the use of latches in FPGA/CPLD designs, as they may lead to timing problems.
WARNING:Xst:737 - Found 1-bit latch for signal <sel_read_d<0>>. Latches may be generated from incomplete case or if statements. We do not recommend the use of latches in FPGA/CPLD designs, as they may lead to timing problems.
WARNING:Xst:737 - Found 1-bit latch for signal <sel_read_r<4>>. Latches may be generated from incomplete case or if statements. We do not recommend the use of latches in FPGA/CPLD designs, as they may lead to timing problems.
WARNING:Xst:737 - Found 1-bit latch for signal <sel_read_r<3>>. Latches may be generated from incomplete case or if statements. We do not recommend the use of latches in FPGA/CPLD designs, as they may lead to timing problems.
WARNING:Xst:737 - Found 1-bit latch for signal <sel_read_r<2>>. Latches may be generated from incomplete case or if statements. We do not recommend the use of latches in FPGA/CPLD designs, as they may lead to timing problems.
WARNING:Xst:737 - Found 1-bit latch for signal <sel_read_r<1>>. Latches may be generated from incomplete case or if statements. We do not recommend the use of latches in FPGA/CPLD designs, as they may lead to timing problems.
WARNING:Xst:737 - Found 1-bit latch for signal <sel_read_r<0>>. Latches may be generated from incomplete case or if statements. We do not recommend the use of latches in FPGA/CPLD designs, as they may lead to timing problems.
WARNING:Xst:737 - Found 1-bit latch for signal <sel_w_d<4>>. Latches may be generated from incomplete case or if statements. We do not recommend the use of latches in FPGA/CPLD designs, as they may lead to timing problems.
WARNING:Xst:737 - Found 1-bit latch for signal <l_d>. Latches may be generated from incomplete case or if statements. We do not recommend the use of latches in FPGA/CPLD designs, as they may lead to timing problems.
    Summary:
	inferred  20 Latch(s).
	inferred 121 Multiplexer(s).
Unit <Decodificador_instruccion> synthesized.

=========================================================================
HDL Synthesis Report

Macro Statistics
# Latches                                              : 20
 1-bit latch                                           : 20
# Multiplexers                                         : 121
 1-bit 2-to-1 multiplexer                              : 121
# Xors                                                 : 1
 1-bit xor2                                            : 1

=========================================================================

=========================================================================
*                       Advanced HDL Synthesis                          *
=========================================================================


=========================================================================
Advanced HDL Synthesis Report

Macro Statistics
# Multiplexers                                         : 121
 1-bit 2-to-1 multiplexer                              : 121
# Xors                                                 : 1
 1-bit xor2                                            : 1

=========================================================================

=========================================================================
*                         Low Level Synthesis                           *
=========================================================================

Optimizing unit <Decodificador_instruccion> ...

Mapping all equations...
Building and optimizing final netlist ...
Found area constraint ratio of 100 (+ 5) on block Decodificador_instruccion, actual ratio is 0.
Latch sel_read_d_3 has been replicated 1 time(s) to handle iob=true attribute.
Latch sel_read_d_2 has been replicated 1 time(s) to handle iob=true attribute.
Latch sel_read_d_1 has been replicated 1 time(s) to handle iob=true attribute.
Latch sel_read_d_0 has been replicated 1 time(s) to handle iob=true attribute.
Latch en_sreg has been replicated 1 time(s) to handle iob=true attribute.

Final Macro Processing ...

=========================================================================
Final Register Report

Found no macro
=========================================================================

=========================================================================
*                           Partition Report                            *
=========================================================================

Partition Implementation Status
-------------------------------

  No Partitions were found in this design.

-------------------------------

=========================================================================
*                            Design Summary                             *
=========================================================================

Top Level Output File Name         : Decodificador_instruccion.ngc

Primitive and Black Box Usage:
------------------------------
# BELS                             : 34
#      LUT2                        : 3
#      LUT3                        : 1
#      LUT4                        : 12
#      LUT5                        : 1
#      LUT6                        : 15
#      MUXF7                       : 2
# FlipFlops/Latches                : 25
#      LD                          : 25
# Clock Buffers                    : 1
#      BUFG                        : 1
# IO Buffers                       : 41
#      IBUF                        : 16
#      OBUF                        : 25

Device utilization summary:
---------------------------

Selected Device : 7a100tcsg324-3 


Slice Logic Utilization: 
 Number of Slice LUTs:                   32  out of  63400     0%  
    Number used as Logic:                32  out of  63400     0%  

Slice Logic Distribution: 
 Number of LUT Flip Flop pairs used:     32
   Number with an unused Flip Flop:      32  out of     32   100%  
   Number with an unused LUT:             0  out of     32     0%  
   Number of fully used LUT-FF pairs:     0  out of     32     0%  
   Number of unique control sets:         1

IO Utilization: 
 Number of IOs:                          41
 Number of bonded IOBs:                  41  out of    210    19%  
    IOB Flip Flops/Latches:              25

Specific Feature Utilization:
 Number of BUFG/BUFGCTRLs:                1  out of     32     3%  

---------------------------
Partition Resource Summary:
---------------------------

  No Partitions were found in this design.

---------------------------


=========================================================================
Timing Report

NOTE: THESE TIMING NUMBERS ARE ONLY A SYNTHESIS ESTIMATE.
      FOR ACCURATE TIMING INFORMATION PLEASE REFER TO THE TRACE REPORT
      GENERATED AFTER PLACE-and-ROUTE.

Clock Information:
------------------
-------------------------------------------------------+------------------------+-------+
Clock Signal                                           | Clock buffer(FF name)  | Load  |
-------------------------------------------------------+------------------------+-------+
I[15]_PWR_4_o_Mux_31_o(Mmux_I[15]_PWR_4_o_Mux_31_o11:O)| BUFG(*)(sel_rel)       | 25    |
-------------------------------------------------------+------------------------+-------+
(*) This 1 clock signal(s) are generated by combinatorial logic,
and XST is not able to identify which are the primary clock signals.
Please use the CLOCK_SIGNAL constraint to specify the clock signal(s) generated by combinatorial logic.

Asynchronous Control Signals Information:
----------------------------------------
No asynchronous control signals found in this design

Timing Summary:
---------------
Speed Grade: -3

   Minimum period: No path found
   Minimum input arrival time before clock: 2.196ns
   Maximum output required time after clock: 0.751ns
   Maximum combinational path delay: No path found

Timing Details:
---------------
All values displayed in nanoseconds (ns)

=========================================================================
Timing constraint: Default OFFSET IN BEFORE for Clock 'I[15]_PWR_4_o_Mux_31_o'
  Total number of paths / destination ports: 280 / 25
-------------------------------------------------------------------------
Offset:              2.196ns (Levels of Logic = 5)
  Source:            I<8> (PAD)
  Destination:       sel_read_r_3 (LATCH)
  Destination Clock: I[15]_PWR_4_o_Mux_31_o falling

  Data Path: I<8> to sel_read_r_3
                                Gate     Net
    Cell:in->out      fanout   Delay   Delay  Logical Name (Net Name)
    ----------------------------------------  ------------
     IBUF:I->O             5   0.001   0.398  I_8_IBUF (I_8_IBUF)
     LUT2:I0->O            3   0.097   0.703  Mmux_I[15]_I[0]_Mux_68_o2111 (Mmux_I[15]_I[0]_Mux_68_o211)
     LUT6:I0->O            1   0.097   0.000  Mmux_I[15]_I[0]_Mux_68_o21_F (N10)
     MUXF7:I0->O           4   0.277   0.525  Mmux_I[15]_I[0]_Mux_68_o21 (Mmux_I[15]_I[0]_Mux_68_o21)
     LUT4:I1->O            1   0.097   0.000  Mmux_I[15]_I[0]_Mux_68_o23 (I[15]_I[0]_Mux_68_o)
     LD:D                     -0.028          sel_read_r_0
    ----------------------------------------
    Total                      2.196ns (0.569ns logic, 1.627ns route)
                                       (25.9% logic, 74.1% route)

=========================================================================
Timing constraint: Default OFFSET OUT AFTER for Clock 'I[15]_PWR_4_o_Mux_31_o'
  Total number of paths / destination ports: 25 / 25
-------------------------------------------------------------------------
Offset:              0.751ns (Levels of Logic = 1)
  Source:            sel_alu_2 (LATCH)
  Destination:       sel_alu<2> (PAD)
  Source Clock:      I[15]_PWR_4_o_Mux_31_o falling

  Data Path: sel_alu_2 to sel_alu<2>
                                Gate     Net
    Cell:in->out      fanout   Delay   Delay  Logical Name (Net Name)
    ----------------------------------------  ------------
     LD:G->Q               1   0.472   0.279  sel_alu_2 (sel_alu_2)
     OBUF:I->O                 0.000          sel_alu_2_OBUF (sel_alu<2>)
    ----------------------------------------
    Total                      0.751ns (0.472ns logic, 0.279ns route)
                                       (62.8% logic, 37.2% route)

=========================================================================

Cross Clock Domains Report:
--------------------------

=========================================================================


Total REAL time to Xst completion: 8.00 secs
Total CPU time to Xst completion: 8.90 secs
 
--> 

Total memory usage is 4618136 kilobytes

Number of errors   :    0 (   0 filtered)
Number of warnings :   20 (   0 filtered)
Number of infos    :    0 (   0 filtered)

