Release 14.7 - ngc2edif P.20131013 (nt64)
Copyright (c) 1995-2013 Xilinx, Inc.  All rights reserved.
Reading design procesador.ngc ...
WARNING:NetListWriters:298 - No output is written to procesador.xncf, ignored.
Processing design ...
   Preping design's networks ...
   Preping design's macros ...
WARNING:NetListWriters:306 - Signal bus F_aux[7 : 0] on block procesador is not
   reconstructed, because there are some missing bus signals.
  finished :Prep
Writing EDIF netlist file procesador.edif ...
ngc2edif: Total memory usage is 4314816 kilobytes

Release 14.7 - ngc2edif P.20131013 (nt64)
Copyright (c) 1995-2013 Xilinx, Inc.  All rights reserved.
Reading design procesador.ngc ...
WARNING:NetListWriters:298 - No output is written to procesador.xncf, ignored.
Processing design ...
   Preping design's networks ...
   Preping design's macros ...
WARNING:NetListWriters:306 - Signal bus F_aux[7 : 0] on block procesador is not
   reconstructed, because there are some missing bus signals.
  finished :Prep
Writing EDIF netlist file procesador.edif ...
ngc2edif: Total memory usage is 4314236 kilobytes

Release 14.7 - ngc2edif P.20131013 (nt64)
Copyright (c) 1995-2013 Xilinx, Inc.  All rights reserved.
Reading design procesador.ngc ...
WARNING:NetListWriters:298 - No output is written to procesador.xncf, ignored.
Processing design ...
   Preping design's networks ...
   Preping design's macros ...
WARNING:NetListWriters:306 - Signal bus F_aux[7 : 0] on block procesador is not
   reconstructed, because there are some missing bus signals.
  finished :Prep
Writing EDIF netlist file procesador.edif ...
ngc2edif: Total memory usage is 4314236 kilobytes

Release 14.7 - ngc2edif P.20131013 (nt64)
Copyright (c) 1995-2013 Xilinx, Inc.  All rights reserved.
Reading design procesador.ngc ...
WARNING:NetListWriters:298 - No output is written to procesador.xncf, ignored.
Processing design ...
   Preping design's networks ...
   Preping design's macros ...
WARNING:NetListWriters:306 - Signal bus I_aux[15 : 0] on block procesador is not
   reconstructed, because there are some missing bus signals.
WARNING:NetListWriters:306 - Signal bus F_aux[7 : 0] on block procesador is not
   reconstructed, because there are some missing bus signals.
  finished :Prep
Writing EDIF netlist file procesador.edif ...
ngc2edif: Total memory usage is 4314236 kilobytes

Release 14.7 - ngc2edif P.20131013 (nt64)
Copyright (c) 1995-2013 Xilinx, Inc.  All rights reserved.
Reading design procesador.ngc ...
WARNING:NetListWriters:298 - No output is written to procesador.xncf, ignored.
Processing design ...
   Preping design's networks ...
   Preping design's macros ...
WARNING:NetListWriters:306 - Signal bus F_aux[7 : 0] on block procesador is not
   reconstructed, because there are some missing bus signals.
  finished :Prep
Writing EDIF netlist file procesador.edif ...
ngc2edif: Total memory usage is 4314236 kilobytes

