
****** PlanAhead v14.7 (64-bit)
  **** Build 321239 by xbuild on Fri Sep 27 19:29:51 MDT 2013
    ** Copyright 1986-1999, 2001-2013 Xilinx, Inc. All Rights Reserved.

INFO: [Common 17-78] Attempting to get a license: PlanAhead
INFO: [Common 17-290] Got license for PlanAhead
INFO: [Device 21-36] Loading parts and site information from C:/Xilinx/14.7/ISE_DS/PlanAhead/data/parts/arch.xml
Parsing RTL primitives file [C:/Xilinx/14.7/ISE_DS/PlanAhead/data/parts/xilinx/rtl/prims/rtl_prims.xml]
Finished parsing RTL primitives file [C:/Xilinx/14.7/ISE_DS/PlanAhead/data/parts/xilinx/rtl/prims/rtl_prims.xml]
start_gui
source {C:/Users/jvmom/OneDrive/Escritorio/5to Semestre/Arquitectura de Computadoras/procesador/pa.fromNetlist.tcl}
# create_project -name procesador -dir "C:/Users/jvmom/OneDrive/Escritorio/5to Semestre/Arquitectura de Computadoras/procesador/planAhead_run_1" -part xc7a100tcsg324-3
# set_property design_mode GateLvl [get_property srcset [current_run -impl]]
# set_property edif_top_file "C:/Users/jvmom/OneDrive/Escritorio/5to Semestre/Arquitectura de Computadoras/procesador/procesador.ngc" [ get_property srcset [ current_run ] ]
# add_files -norecurse { {C:/Users/jvmom/OneDrive/Escritorio/5to Semestre/Arquitectura de Computadoras/procesador} }
# set_param project.pinAheadLayout  yes
# set_property target_constrs_file "procesador.ucf" [current_fileset -constrset]
Adding file 'C:/Users/jvmom/OneDrive/Escritorio/5to Semestre/Arquitectura de Computadoras/procesador/procesador.ucf' to fileset 'constrs_1'
# add_files [list {procesador.ucf}] -fileset [get_property constrset [current_run]]
# link_design
Design is defaulting to srcset: sources_1
Design is defaulting to constrset: constrs_1
Design is defaulting to project part: xc7a100tcsg324-3
Release 14.7 - ngc2edif P.20131013 (nt64)
Copyright (c) 1995-2013 Xilinx, Inc.  All rights reserved.
Reading design procesador.ngc ...
WARNING:NetListWriters:298 - No output is written to procesador.xncf, ignored.
Processing design ...
   Preping design's networks ...
   Preping design's macros ...
WARNING:NetListWriters:306 - Signal bus F_aux[7 : 0] on block procesador is not
   reconstructed, because there are some missing bus signals.
  finished :Prep
Writing EDIF netlist file procesador.edif ...
ngc2edif: Total memory usage is 4314816 kilobytes

Parsing EDIF File [./planAhead_run_1/procesador.data/cache/procesador_ngc_zx.edif]
Finished Parsing EDIF File [./planAhead_run_1/procesador.data/cache/procesador_ngc_zx.edif]
INFO: [Netlist 29-17] Analyzing 38 Unisim elements for replacement
INFO: [Netlist 29-28] Unisim Transformation completed in 0 CPU seconds
Loading clock regions from C:/Xilinx/14.7/ISE_DS/PlanAhead/data\parts/xilinx/artix7/artix7/xc7a100t/ClockRegion.xml
Loading clock buffers from C:/Xilinx/14.7/ISE_DS/PlanAhead/data\parts/xilinx/artix7/artix7/xc7a100t/ClockBuffers.xml
Loading clock placement rules from C:/Xilinx/14.7/ISE_DS/PlanAhead/data/parts/xilinx/artix7/ClockPlacerRules.xml
Loading package pin functions from C:/Xilinx/14.7/ISE_DS/PlanAhead/data\parts/xilinx/artix7/PinFunctions.xml...
Loading package from C:/Xilinx/14.7/ISE_DS/PlanAhead/data\parts/xilinx/artix7/artix7/xc7a100t/csg324/Package.xml
Loading io standards from C:/Xilinx/14.7/ISE_DS/PlanAhead/data\./parts/xilinx/artix7/IOStandards.xml
Loading device configuration modes from C:/Xilinx/14.7/ISE_DS/PlanAhead/data\parts/xilinx/artix7/ConfigModes.xml
Loading list of drcs for the architecture : C:/Xilinx/14.7/ISE_DS/PlanAhead/data\./parts/xilinx/artix7/drc.xml
Parsing UCF File [C:/Users/jvmom/OneDrive/Escritorio/5to Semestre/Arquitectura de Computadoras/procesador/procesador.ucf]
Finished Parsing UCF File [C:/Users/jvmom/OneDrive/Escritorio/5to Semestre/Arquitectura de Computadoras/procesador/procesador.ucf]
INFO: [Project 1-111] Unisim Transformation Summary:
  A total of 38 instances were transformed.
  BUFGP => BUFGP (IBUF, BUFG): 1 instances
  FDC => FDCE: 17 instances
  LD => LDCE: 20 instances

Phase 0 | Netlist Checksum: d3241819
link_design: Time (s): elapsed = 00:00:15 . Memory (MB): peak = 819.398 ; gain = 383.898
set_property iostandard LVCMOS33 [get_ports [list {portb[7]} {portb[6]} {portb[5]} {portb[4]} {portb[3]} {portb[2]} {portb[1]} {portb[0]}]]
set_property package_pin "" [get_ports [list  {portb[7]}]]
set_property iostandard LVCMOS33 [get_ports [list clk]]
set_property iostandard LVCMOS33 [get_ports [list clr]]
startgroup
set_property package_pin V11 [get_ports {portb[7]}]
endgroup
startgroup
set_property package_pin V12 [get_ports {portb[6]}]
endgroup
startgroup
set_property package_pin V14 [get_ports {portb[5]}]
endgroup
startgroup
set_property package_pin V15 [get_ports {portb[4]}]
endgroup
startgroup
set_property package_pin T16 [get_ports {portb[3]}]
endgroup
startgroup
set_property package_pin U14 [get_ports {portb[2]}]
endgroup
startgroup
set_property package_pin T15 [get_ports {portb[1]}]
endgroup
startgroup
set_property package_pin V16 [get_ports {portb[0]}]
endgroup
startgroup
set_property package_pin V10 [get_ports clk]
endgroup
startgroup
set_property package_pin U11 [get_ports clr]
endgroup
save_constraints
exit
ERROR: [Common 17-39] 'stop_gui' failed due to earlier errors.
INFO: [Common 17-206] Exiting PlanAhead at Fri Jan 06 19:37:25 2023...
INFO: [Common 17-83] Releasing license: PlanAhead
