Release 14.7 - xst P.20131013 (nt64)
Copyright (c) 1995-2013 Xilinx, Inc.  All rights reserved.
--> Parameter TMPDIR set to xst/projnav.tmp


Total REAL time to Xst completion: 0.00 secs
Total CPU time to Xst completion: 0.11 secs
 
--> Parameter xsthdpdir set to xst


Total REAL time to Xst completion: 0.00 secs
Total CPU time to Xst completion: 0.11 secs
 
--> Reading design: instruccion_top.prj

TABLE OF CONTENTS
  1) Synthesis Options Summary
  2) HDL Parsing
  3) HDL Elaboration
  4) HDL Synthesis
       4.1) HDL Synthesis Report
  5) Advanced HDL Synthesis
       5.1) Advanced HDL Synthesis Report
  6) Low Level Synthesis
  7) Partition Report
  8) Design Summary
       8.1) Primitive and Black Box Usage
       8.2) Device utilization summary
       8.3) Partition Resource Summary
       8.4) Timing Report
            8.4.1) Clock Information
            8.4.2) Asynchronous Control Signals Information
            8.4.3) Timing Summary
            8.4.4) Timing Details
            8.4.5) Cross Clock Domains Report


=========================================================================
*                      Synthesis Options Summary                        *
=========================================================================
---- Source Parameters
Input File Name                    : "instruccion_top.prj"
Ignore Synthesis Constraint File   : NO

---- Target Parameters
Output File Name                   : "instruccion_top"
Output Format                      : NGC
Target Device                      : xc7a100t-3-csg324

---- Source Options
Top Module Name                    : instruccion_top
Automatic FSM Extraction           : YES
FSM Encoding Algorithm             : Auto
Safe Implementation                : No
FSM Style                          : LUT
RAM Extraction                     : Yes
RAM Style                          : Auto
ROM Extraction                     : Yes
Shift Register Extraction          : YES
ROM Style                          : Auto
Resource Sharing                   : YES
Asynchronous To Synchronous        : NO
Shift Register Minimum Size        : 2
Use DSP Block                      : Auto
Automatic Register Balancing       : No

---- Target Options
LUT Combining                      : Auto
Reduce Control Sets                : Auto
Add IO Buffers                     : YES
Global Maximum Fanout              : 100000
Add Generic Clock Buffer(BUFG)     : 32
Register Duplication               : YES
Optimize Instantiated Primitives   : NO
Use Clock Enable                   : Auto
Use Synchronous Set                : Auto
Use Synchronous Reset              : Auto
Pack IO Registers into IOBs        : Auto
Equivalent register Removal        : YES

---- General Options
Optimization Goal                  : Speed
Optimization Effort                : 1
Power Reduction                    : NO
Keep Hierarchy                     : No
Netlist Hierarchy                  : As_Optimized
RTL Output                         : Yes
Global Optimization                : AllClockNets
Read Cores                         : YES
Write Timing Constraints           : NO
Cross Clock Analysis               : NO
Hierarchy Separator                : /
Bus Delimiter                      : <>
Case Specifier                     : Maintain
Slice Utilization Ratio            : 100
BRAM Utilization Ratio             : 100
DSP48 Utilization Ratio            : 100
Auto BRAM Packing                  : NO
Slice Utilization Ratio Delta      : 5

=========================================================================


=========================================================================
*                          HDL Parsing                                  *
=========================================================================
Parsing VHDL file "C:\Users\jvmom\OneDrive\Escritorio\5to Semestre\Arquitectura de Computadoras\Practicas\Practica1\register\register.vhd" into library work
Parsing entity <registro>.
Parsing architecture <Behavioral> of entity <registro>.
Parsing VHDL file "C:\Users\jvmom\OneDrive\Escritorio\5to Semestre\Arquitectura de Computadoras\Practicas\Practica1\ruta_data\ruta_data.vhd" into library work
Parsing entity <ruta_datos>.
Parsing architecture <Behavioral> of entity <ruta_datos>.
Parsing VHDL file "C:\Users\jvmom\OneDrive\Escritorio\5to Semestre\Arquitectura de Computadoras\Practicas\Practica1\ruta1\ruta1.vhd" into library work
Parsing entity <u_control>.
Parsing architecture <Behavioral> of entity <u_control>.
Parsing VHDL file "C:\Users\jvmom\OneDrive\Escritorio\5to Semestre\Arquitectura de Computadoras\Practicas\Practica1\inst_top\inst_top.vhd" into library work
Parsing entity <instruccion_top>.
Parsing architecture <Behavioral> of entity <instruccion_top>.

=========================================================================
*                            HDL Elaboration                            *
=========================================================================

Elaborating entity <instruccion_top> (architecture <Behavioral>) from library <work>.

Elaborating entity <ruta_datos> (architecture <Behavioral>) from library <work>.

Elaborating entity <registro> (architecture <Behavioral>) from library <work>.

Elaborating entity <u_control> (architecture <Behavioral>) from library <work>.

=========================================================================
*                           HDL Synthesis                               *
=========================================================================

Synthesizing Unit <instruccion_top>.
    Related source file is "C:\Users\jvmom\OneDrive\Escritorio\5to Semestre\Arquitectura de Computadoras\Practicas\Practica1\inst_top\inst_top.vhd".
INFO:Xst:3210 - "C:\Users\jvmom\OneDrive\Escritorio\5to Semestre\Arquitectura de Computadoras\Practicas\Practica1\inst_top\inst_top.vhd" line 71: Output port <qd> of the instance <cto1> is unconnected or connected to loadless signal.
    Summary:
	no macro.
Unit <instruccion_top> synthesized.

Synthesizing Unit <ruta_datos>.
    Related source file is "C:\Users\jvmom\OneDrive\Escritorio\5to Semestre\Arquitectura de Computadoras\Practicas\Practica1\ruta_data\ruta_data.vhd".
    Found 5-bit adder for signal <s_aux> created at line 60.
    Summary:
	inferred   1 Adder/Subtractor(s).
	inferred   1 Multiplexer(s).
Unit <ruta_datos> synthesized.

Synthesizing Unit <registro>.
    Related source file is "C:\Users\jvmom\OneDrive\Escritorio\5to Semestre\Arquitectura de Computadoras\Practicas\Practica1\register\register.vhd".
    Found 4-bit register for signal <qaux>.
    Summary:
	inferred   4 D-type flip-flop(s).
Unit <registro> synthesized.

Synthesizing Unit <u_control>.
    Related source file is "C:\Users\jvmom\OneDrive\Escritorio\5to Semestre\Arquitectura de Computadoras\Practicas\Practica1\ruta1\ruta1.vhd".
    Found 2-bit register for signal <edo_pres>.
    Found finite state machine <FSM_0> for signal <edo_pres>.
    -----------------------------------------------------------------------
    | States             | 3                                              |
    | Transitions        | 4                                              |
    | Inputs             | 1                                              |
    | Outputs            | 3                                              |
    | Clock              | clk (rising_edge)                              |
    | Reset              | clr (positive)                                 |
    | Reset type         | asynchronous                                   |
    | Reset State        | carga                                          |
    | Power Up State     | carga                                          |
    | Encoding           | auto                                           |
    | Implementation     | LUT                                            |
    -----------------------------------------------------------------------
    Summary:
	inferred   1 Finite State Machine(s).
Unit <u_control> synthesized.

=========================================================================
HDL Synthesis Report

Macro Statistics
# Adders/Subtractors                                   : 1
 5-bit adder                                           : 1
# Registers                                            : 2
 4-bit register                                        : 2
# Multiplexers                                         : 1
 4-bit 2-to-1 multiplexer                              : 1
# FSMs                                                 : 1

=========================================================================

=========================================================================
*                       Advanced HDL Synthesis                          *
=========================================================================


=========================================================================
Advanced HDL Synthesis Report

Macro Statistics
# Adders/Subtractors                                   : 1
 5-bit adder                                           : 1
# Registers                                            : 8
 Flip-Flops                                            : 8
# Multiplexers                                         : 1
 4-bit 2-to-1 multiplexer                              : 1
# FSMs                                                 : 1

=========================================================================

=========================================================================
*                         Low Level Synthesis                           *
=========================================================================
Analyzing FSM <MFsm> for best encoding.
Optimizing FSM <FSM_0> on signal <edo_pres[1:3]> with one-hot encoding.
-----------------------
 State     | Encoding
-----------------------
 carga     | 001
 operacion | 100
 final     | 010
-----------------------

Optimizing unit <instruccion_top> ...

Optimizing unit <ruta_datos> ...

Mapping all equations...
Building and optimizing final netlist ...
Found area constraint ratio of 100 (+ 5) on block instruccion_top, actual ratio is 0.

Final Macro Processing ...

=========================================================================
Final Register Report

Macro Statistics
# Registers                                            : 11
 Flip-Flops                                            : 11

=========================================================================

=========================================================================
*                           Partition Report                            *
=========================================================================

Partition Implementation Status
-------------------------------

  No Partitions were found in this design.

-------------------------------

=========================================================================
*                            Design Summary                             *
=========================================================================

Top Level Output File Name         : instruccion_top.ngc

Primitive and Black Box Usage:
------------------------------
# BELS                             : 15
#      INV                         : 2
#      LUT2                        : 3
#      LUT3                        : 4
#      LUT4                        : 1
#      LUT5                        : 1
#      LUT6                        : 4
# FlipFlops/Latches                : 11
#      FDC                         : 2
#      FDCE                        : 8
#      FDP                         : 1
# Clock Buffers                    : 1
#      BUFGP                       : 1
# IO Buffers                       : 14
#      IBUF                        : 10
#      OBUF                        : 4

Device utilization summary:
---------------------------

Selected Device : 7a100tcsg324-3 


Slice Logic Utilization: 
 Number of Slice Registers:              11  out of  126800     0%  
 Number of Slice LUTs:                   15  out of  63400     0%  
    Number used as Logic:                15  out of  63400     0%  

Slice Logic Distribution: 
 Number of LUT Flip Flop pairs used:     17
   Number with an unused Flip Flop:       6  out of     17    35%  
   Number with an unused LUT:             2  out of     17    11%  
   Number of fully used LUT-FF pairs:     9  out of     17    52%  
   Number of unique control sets:         3

IO Utilization: 
 Number of IOs:                          19
 Number of bonded IOBs:                  15  out of    210     7%  

Specific Feature Utilization:
 Number of BUFG/BUFGCTRLs:                1  out of     32     3%  

---------------------------
Partition Resource Summary:
---------------------------

  No Partitions were found in this design.

---------------------------


=========================================================================
Timing Report

NOTE: THESE TIMING NUMBERS ARE ONLY A SYNTHESIS ESTIMATE.
      FOR ACCURATE TIMING INFORMATION PLEASE REFER TO THE TRACE REPORT
      GENERATED AFTER PLACE-and-ROUTE.

Clock Information:
------------------
-----------------------------------+------------------------+-------+
Clock Signal                       | Clock buffer(FF name)  | Load  |
-----------------------------------+------------------------+-------+
clk                                | BUFGP                  | 11    |
-----------------------------------+------------------------+-------+

Asynchronous Control Signals Information:
----------------------------------------
No asynchronous control signals found in this design

Timing Summary:
---------------
Speed Grade: -3

   Minimum period: 1.575ns (Maximum Frequency: 634.759MHz)
   Minimum input arrival time before clock: 0.789ns
   Maximum output required time after clock: 2.641ns
   Maximum combinational path delay: No path found

Timing Details:
---------------
All values displayed in nanoseconds (ns)

=========================================================================
Timing constraint: Default period analysis for Clock 'clk'
  Clock period: 1.575ns (frequency: 634.759MHz)
  Total number of paths / destination ports: 35 / 15
-------------------------------------------------------------------------
Delay:               1.575ns (Levels of Logic = 2)
  Source:            cto1/registro_R/qaux_2 (FF)
  Destination:       cto1/registro_D/qaux_3 (FF)
  Source Clock:      clk rising
  Destination Clock: clk rising

  Data Path: cto1/registro_R/qaux_2 to cto1/registro_D/qaux_3
                                Gate     Net
    Cell:in->out      fanout   Delay   Delay  Logical Name (Net Name)
    ----------------------------------------  ------------
     FDCE:C->Q             3   0.361   0.703  cto1/registro_R/qaux_2 (cto1/registro_R/qaux_2)
     LUT6:I0->O            4   0.097   0.309  cto1/Madd_s_aux_cy<2>11 (cto1/Madd_s_aux_cy<2>)
     LUT5:I4->O            1   0.097   0.000  cto1/Mmux_mux_aux41 (cto1/mux_aux<3>)
     FDCE:D                    0.008          cto1/registro_D/qaux_3
    ----------------------------------------
    Total                      1.575ns (0.563ns logic, 1.012ns route)
                                       (35.7% logic, 64.3% route)

=========================================================================
Timing constraint: Default OFFSET IN BEFORE for Clock 'clk'
  Total number of paths / destination ports: 21 / 21
-------------------------------------------------------------------------
Offset:              0.789ns (Levels of Logic = 2)
  Source:            id<3> (PAD)
  Destination:       cto1/registro_D/qaux_3 (FF)
  Destination Clock: clk rising

  Data Path: id<3> to cto1/registro_D/qaux_3
                                Gate     Net
    Cell:in->out      fanout   Delay   Delay  Logical Name (Net Name)
    ----------------------------------------  ------------
     IBUF:I->O             1   0.001   0.683  id_3_IBUF (id_3_IBUF)
     LUT5:I0->O            1   0.097   0.000  cto1/Mmux_mux_aux41 (cto1/mux_aux<3>)
     FDCE:D                    0.008          cto1/registro_D/qaux_3
    ----------------------------------------
    Total                      0.789ns (0.106ns logic, 0.683ns route)
                                       (13.4% logic, 86.6% route)

=========================================================================
Timing constraint: Default OFFSET OUT AFTER for Clock 'clk'
  Total number of paths / destination ports: 38 / 4
-------------------------------------------------------------------------
Offset:              2.641ns (Levels of Logic = 4)
  Source:            cto1/registro_R/qaux_2 (FF)
  Destination:       Z (PAD)
  Source Clock:      clk rising

  Data Path: cto1/registro_R/qaux_2 to Z
                                Gate     Net
    Cell:in->out      fanout   Delay   Delay  Logical Name (Net Name)
    ----------------------------------------  ------------
     FDCE:C->Q             3   0.361   0.703  cto1/registro_R/qaux_2 (cto1/registro_R/qaux_2)
     LUT6:I0->O            4   0.097   0.309  cto1/Madd_s_aux_cy<2>11 (cto1/Madd_s_aux_cy<2>)
     LUT3:I2->O            2   0.097   0.697  cto1/Madd_s_aux_xor<3>11 (N_OBUF)
     LUT6:I0->O            1   0.097   0.279  cto1/Z1 (Z_OBUF)
     OBUF:I->O                 0.000          Z_OBUF (Z)
    ----------------------------------------
    Total                      2.641ns (0.652ns logic, 1.989ns route)
                                       (24.7% logic, 75.3% route)

=========================================================================

Cross Clock Domains Report:
--------------------------

Clock to Setup on destination clock clk
---------------+---------+---------+---------+---------+
               | Src:Rise| Src:Fall| Src:Rise| Src:Fall|
Source Clock   |Dest:Rise|Dest:Rise|Dest:Fall|Dest:Fall|
---------------+---------+---------+---------+---------+
clk            |    1.575|         |         |         |
---------------+---------+---------+---------+---------+

=========================================================================


Total REAL time to Xst completion: 9.00 secs
Total CPU time to Xst completion: 8.68 secs
 
--> 

Total memory usage is 4618088 kilobytes

Number of errors   :    0 (   0 filtered)
Number of warnings :    0 (   0 filtered)
Number of infos    :    1 (   0 filtered)

