Command line:
   rom_isim_beh.exe
     -simmode  gui
     -simrunnum  0
     -socket  64722

Fri Jan 13 00:03:11 2023


 Elaboration Time: 0.046875 sec

 Current Memory Usage: 5150.36 Meg

 Total Signals          : 3
 Total Nets             : 33
 Total Signal Drivers   : 1
 Total Blocks           : 2
 Total Primitive Blocks : 2
 Total Processes        : 1
 Total Traceable Variables  : 8
 Total Scalar Nets and Variables : 393
Total Line Count : 6

 Total Simulation Time: 0.046875 sec

 Current Memory Usage: 5150.36 Meg

Fri Jan 13 00:03:16 2023

