#-----------------------------------------------------------
# PlanAhead v14.7 (64-bit)
# Build 321239 by xbuild on Fri Sep 27 19:29:51 MDT 2013
# Start of session at: Tue Oct 18 18:59:01 2022
# Process ID: 5628
# Log file: C:/Users/jvmom/OneDrive/Escritorio/5to Semestre/Arquitectura de Computadoras/Practicas/Practica1/inst_top/planAhead_run_1/planAhead.log
# Journal file: C:/Users/jvmom/OneDrive/Escritorio/5to Semestre/Arquitectura de Computadoras/Practicas/Practica1/inst_top/planAhead_run_1/planAhead.jou
#-----------------------------------------------------------
INFO: [Common 17-78] Attempting to get a license: PlanAhead
INFO: [Common 17-290] Got license for PlanAhead
INFO: [Device 21-36] Loading parts and site information from C:/Xilinx/14.7/ISE_DS/PlanAhead/data/parts/arch.xml
Parsing RTL primitives file [C:/Xilinx/14.7/ISE_DS/PlanAhead/data/parts/xilinx/rtl/prims/rtl_prims.xml]
Finished parsing RTL primitives file [C:/Xilinx/14.7/ISE_DS/PlanAhead/data/parts/xilinx/rtl/prims/rtl_prims.xml]
start_gui
source {C:/Users/jvmom/OneDrive/Escritorio/5to Semestre/Arquitectura de Computadoras/Practicas/Practica1/inst_top/pa.fromNetlist.tcl}
# create_project -name inst_top -dir "C:/Users/jvmom/OneDrive/Escritorio/5to Semestre/Arquitectura de Computadoras/Practicas/Practica1/inst_top/planAhead_run_1" -part xc7a100tcsg324-3
# set_property design_mode GateLvl [get_property srcset [current_run -impl]]
# set_property edif_top_file "C:/Users/jvmom/OneDrive/Escritorio/5to Semestre/Arquitectura de Computadoras/Practicas/Practica1/inst_top/instruccion_top.ngc" [ get_property srcset [ current_run ] ]
# add_files -norecurse { {C:/Users/jvmom/OneDrive/Escritorio/5to Semestre/Arquitectura de Computadoras/Practicas/Practica1/inst_top} }
# set_param project.pinAheadLayout  yes
# set_property target_constrs_file "instruccion_top.ucf" [current_fileset -constrset]
Adding file 'C:/Users/jvmom/OneDrive/Escritorio/5to Semestre/Arquitectura de Computadoras/Practicas/Practica1/inst_top/instruccion_top.ucf' to fileset 'constrs_1'
# add_files [list {instruccion_top.ucf}] -fileset [get_property constrset [current_run]]
# link_design
Design is defaulting to srcset: sources_1
Design is defaulting to constrset: constrs_1
Design is defaulting to project part: xc7a100tcsg324-3
Release 14.7 - ngc2edif P.20131013 (nt64)
Copyright (c) 1995-2013 Xilinx, Inc.  All rights reserved.
Reading design instruccion_top.ngc ...
WARNING:NetListWriters:298 - No output is written to instruccion_top.xncf,
   ignored.
Processing design ...
   Preping design's networks ...
   Preping design's macros ...
  finished :Prep
Writing EDIF netlist file instruccion_top.edif ...
ngc2edif: Total memory usage is 4310104 kilobytes

Parsing EDIF File [./planAhead_run_1/inst_top.data/cache/instruccion_top_ngc_zx.edif]
Finished Parsing EDIF File [./planAhead_run_1/inst_top.data/cache/instruccion_top_ngc_zx.edif]
INFO: [Netlist 29-17] Analyzing 4 Unisim elements for replacement
INFO: [Netlist 29-28] Unisim Transformation completed in 0 CPU seconds
Loading clock regions from C:/Xilinx/14.7/ISE_DS/PlanAhead/data\parts/xilinx/artix7/artix7/xc7a100t/ClockRegion.xml
Loading clock buffers from C:/Xilinx/14.7/ISE_DS/PlanAhead/data\parts/xilinx/artix7/artix7/xc7a100t/ClockBuffers.xml
Loading clock placement rules from C:/Xilinx/14.7/ISE_DS/PlanAhead/data/parts/xilinx/artix7/ClockPlacerRules.xml
Loading package pin functions from C:/Xilinx/14.7/ISE_DS/PlanAhead/data\parts/xilinx/artix7/PinFunctions.xml...
Loading package from C:/Xilinx/14.7/ISE_DS/PlanAhead/data\parts/xilinx/artix7/artix7/xc7a100t/csg324/Package.xml
Loading io standards from C:/Xilinx/14.7/ISE_DS/PlanAhead/data\./parts/xilinx/artix7/IOStandards.xml
Loading device configuration modes from C:/Xilinx/14.7/ISE_DS/PlanAhead/data\parts/xilinx/artix7/ConfigModes.xml
Loading list of drcs for the architecture : C:/Xilinx/14.7/ISE_DS/PlanAhead/data\./parts/xilinx/artix7/drc.xml
Parsing UCF File [C:/Users/jvmom/OneDrive/Escritorio/5to Semestre/Arquitectura de Computadoras/Practicas/Practica1/inst_top/instruccion_top.ucf]
Finished Parsing UCF File [C:/Users/jvmom/OneDrive/Escritorio/5to Semestre/Arquitectura de Computadoras/Practicas/Practica1/inst_top/instruccion_top.ucf]
INFO: [Project 1-111] Unisim Transformation Summary:
  A total of 4 instances were transformed.
  BUFGP => BUFGP (IBUF, BUFG): 1 instances
  FDC => FDCE: 2 instances
  FDP => FDPE: 1 instances

Phase 0 | Netlist Checksum: bde9c08f
link_design: Time (s): elapsed = 00:00:13 . Memory (MB): peak = 828.160 ; gain = 369.605
startgroup
set_property package_pin V10 [get_ports {id[3]}]
endgroup
startgroup
set_property package_pin U11 [get_ports {id[2]}]
endgroup
startgroup
set_property package_pin U12 [get_ports {id[1]}]
endgroup
startgroup
set_property package_pin H6 [get_ports {id[0]}]
endgroup
startgroup
set_property package_pin T13 [get_ports {ir[3]}]
endgroup
startgroup
set_property package_pin R16 [get_ports {ir[2]}]
endgroup
startgroup
set_property package_pin U8 [get_ports {ir[1]}]
endgroup
startgroup
set_property package_pin U8 [get_ports {ir[1]}]
endgroup
startgroup
set_property package_pin T8 [get_ports {ir[0]}]
endgroup
startgroup
set_property package_pin V11 [get_ports {qd[3]}]
endgroup
set_property package_pin "" [get_ports [list  {qd[2]}]]
set_property package_pin "" [get_ports [list  inicio]]
startgroup
set_property package_pin V12 [get_ports {qd[2]}]
endgroup
startgroup
set_property package_pin V12 [get_ports {qd[2]}]
endgroup
startgroup
set_property package_pin V14 [get_ports {qd[1]}]
endgroup
startgroup
set_property package_pin V15 [get_ports {qd[0]}]
endgroup
startgroup
set_property package_pin T16 [get_ports C]
endgroup
startgroup
set_property package_pin J5 [get_ports clk]
endgroup
startgroup
set_property package_pin R13 [get_ports clr]
endgroup
startgroup
set_property package_pin U18 [get_ports inicio]
endgroup
set_property package_pin "" [get_ports [list  N]]
startgroup
set_property package_pin U14 [get_ports N]
endgroup
startgroup
set_property package_pin T15 [get_ports V]
endgroup
startgroup
set_property package_pin V16 [get_ports Z]
endgroup
save_constraints
set_property iostandard LVCMOS33 [get_ports [list {id[3]} {id[2]} {id[1]} {id[0]}]]
set_property iostandard LVCMOS33 [get_ports [list {ir[3]} {ir[2]} {ir[1]} {ir[0]}]]
set_property iostandard LVCMOS33 [get_ports [list {qd[3]} {qd[2]} {qd[1]} {qd[0]}]]
set_property iostandard LVCMOS33 [get_ports [list C]]
set_property iostandard LVCMOS33 [get_ports [list clk]]
set_property iostandard LVCMOS33 [get_ports [list clr]]
set_property iostandard LVCMOS33 [get_ports [list inicio]]
set_property iostandard LVCMOS33 [get_ports [list N]]
set_property iostandard LVCMOS33 [get_ports [list V]]
set_property iostandard LVCMOS33 [get_ports [list Z]]
save_constraints -force
startgroup
set_property package_pin E3 [get_ports clk]
endgroup
save_constraints -force
startgroup
set_property package_pin H17 [get_ports {qd[3]}]
endgroup
startgroup
set_property package_pin K15 [get_ports {qd[2]}]
endgroup
startgroup
set_property package_pin J13 [get_ports {qd[1]}]
endgroup
startgroup
set_property package_pin J13 [get_ports {qd[1]}]
endgroup
startgroup
set_property package_pin N14 [get_ports {qd[0]}]
endgroup
save_constraints -force
startgroup
set_property package_pin H17 [get_ports {qd[3]}]
endgroup
exit
ERROR: [PlanAhead 12-106] *** Exception: ui.h.b: Found deleted key in HTclEventBroker. Verify if the classes listed here call cleanup()
HTclEvent: SIGNAL_MODIFY   Classes: ui.views.aR 
HTclEvent: DEBUG_PORT_CONFIG_CHANGE   Classes: ui.views.aR 
HTclEvent: DEBUG_CORE_CONFIG_CHANGE   Classes: ui.views.aR 
HTclEvent: SIGNAL_BUS_MODIFY   Classes: ui.views.aR 
 (See C:/Users/jvmom/OneDrive/Escritorio/5to Semestre/Arquitectura de Computadoras/Practicas/Practica1/inst_top\planAhead_pid5628.debug)
ERROR: [Common 17-39] 'stop_gui' failed due to earlier errors.
INFO: [Common 17-206] Exiting PlanAhead at Tue Oct 18 19:41:21 2022...
INFO: [Common 17-83] Releasing license: PlanAhead
