Release 14.7 - xst P.20131013 (nt64)
Copyright (c) 1995-2013 Xilinx, Inc.  All rights reserved.
--> Parameter TMPDIR set to xst/projnav.tmp


Total REAL time to Xst completion: 0.00 secs
Total CPU time to Xst completion: 0.11 secs
 
--> Parameter xsthdpdir set to xst


Total REAL time to Xst completion: 0.00 secs
Total CPU time to Xst completion: 0.11 secs
 
--> Reading design: Instruccion_top.prj

TABLE OF CONTENTS
  1) Synthesis Options Summary
  2) HDL Parsing
  3) HDL Elaboration
  4) HDL Synthesis
       4.1) HDL Synthesis Report
  5) Advanced HDL Synthesis
       5.1) Advanced HDL Synthesis Report
  6) Low Level Synthesis
  7) Partition Report
  8) Design Summary
       8.1) Primitive and Black Box Usage
       8.2) Device utilization summary
       8.3) Partition Resource Summary
       8.4) Timing Report
            8.4.1) Clock Information
            8.4.2) Asynchronous Control Signals Information
            8.4.3) Timing Summary
            8.4.4) Timing Details
            8.4.5) Cross Clock Domains Report


=========================================================================
*                      Synthesis Options Summary                        *
=========================================================================
---- Source Parameters
Input File Name                    : "Instruccion_top.prj"
Ignore Synthesis Constraint File   : NO

---- Target Parameters
Output File Name                   : "Instruccion_top"
Output Format                      : NGC
Target Device                      : xc7a100t-3-csg324

---- Source Options
Top Module Name                    : Instruccion_top
Automatic FSM Extraction           : YES
FSM Encoding Algorithm             : Auto
Safe Implementation                : No
FSM Style                          : LUT
RAM Extraction                     : Yes
RAM Style                          : Auto
ROM Extraction                     : Yes
Shift Register Extraction          : YES
ROM Style                          : Auto
Resource Sharing                   : YES
Asynchronous To Synchronous        : NO
Shift Register Minimum Size        : 2
Use DSP Block                      : Auto
Automatic Register Balancing       : No

---- Target Options
LUT Combining                      : Auto
Reduce Control Sets                : Auto
Add IO Buffers                     : YES
Global Maximum Fanout              : 100000
Add Generic Clock Buffer(BUFG)     : 32
Register Duplication               : YES
Optimize Instantiated Primitives   : NO
Use Clock Enable                   : Auto
Use Synchronous Set                : Auto
Use Synchronous Reset              : Auto
Pack IO Registers into IOBs        : Auto
Equivalent register Removal        : YES

---- General Options
Optimization Goal                  : Speed
Optimization Effort                : 1
Power Reduction                    : NO
Keep Hierarchy                     : No
Netlist Hierarchy                  : As_Optimized
RTL Output                         : Yes
Global Optimization                : AllClockNets
Read Cores                         : YES
Write Timing Constraints           : NO
Cross Clock Analysis               : NO
Hierarchy Separator                : /
Bus Delimiter                      : <>
Case Specifier                     : Maintain
Slice Utilization Ratio            : 100
BRAM Utilization Ratio             : 100
DSP48 Utilization Ratio            : 100
Auto BRAM Packing                  : NO
Slice Utilization Ratio Delta      : 5

=========================================================================


=========================================================================
*                          HDL Parsing                                  *
=========================================================================
Parsing VHDL file "C:\Users\jvmom\OneDrive\Escritorio\5to Semestre\Arquitectura de Computadoras\Practicas\Practica\Registro\registro.vhd" into library work
Parsing entity <registro>.
Parsing architecture <Behavioral> of entity <registro>.
Parsing VHDL file "C:\Users\jvmom\OneDrive\Escritorio\5to Semestre\Arquitectura de Computadoras\Practicas\Practica\ruta_datos\ruta_datos.vhd" into library work
Parsing entity <ruta_datos>.
Parsing architecture <Behavioral> of entity <ruta_datos>.
Parsing VHDL file "C:\Users\jvmom\OneDrive\Escritorio\5to Semestre\Arquitectura de Computadoras\Practicas\Practica\ruta\ruta.vhd" into library work
Parsing entity <u_control>.
Parsing architecture <Behavioral> of entity <u_control>.
Parsing VHDL file "C:\Users\jvmom\OneDrive\Escritorio\5to Semestre\Arquitectura de Computadoras\Practicas\Practica\Intrruccion_top\Instruccion_top.vhd" into library work
Parsing entity <Instruccion_top>.
Parsing architecture <Behavioral> of entity <instruccion_top>.

=========================================================================
*                            HDL Elaboration                            *
=========================================================================

Elaborating entity <Instruccion_top> (architecture <Behavioral>) from library <work>.

Elaborating entity <ruta_datos> (architecture <Behavioral>) from library <work>.

Elaborating entity <registro> (architecture <Behavioral>) from library <work>.

Elaborating entity <u_control> (architecture <Behavioral>) from library <work>.

=========================================================================
*                           HDL Synthesis                               *
=========================================================================

Synthesizing Unit <Instruccion_top>.
    Related source file is "C:\Users\jvmom\OneDrive\Escritorio\5to Semestre\Arquitectura de Computadoras\Practicas\Practica\Intrruccion_top\Instruccion_top.vhd".
    Summary:
	no macro.
Unit <Instruccion_top> synthesized.

Synthesizing Unit <ruta_datos>.
    Related source file is "C:\Users\jvmom\OneDrive\Escritorio\5to Semestre\Arquitectura de Computadoras\Practicas\Practica\ruta_datos\ruta_datos.vhd".
    Found 8-bit subtractor for signal <s_aux<7:0>> created at line 57.
    Summary:
	inferred   1 Adder/Subtractor(s).
	inferred   1 Multiplexer(s).
Unit <ruta_datos> synthesized.

Synthesizing Unit <registro>.
    Related source file is "C:\Users\jvmom\OneDrive\Escritorio\5to Semestre\Arquitectura de Computadoras\Practicas\Practica\Registro\registro.vhd".
    Found 8-bit register for signal <qaux>.
    Summary:
	inferred   8 D-type flip-flop(s).
Unit <registro> synthesized.

Synthesizing Unit <u_control>.
    Related source file is "C:\Users\jvmom\OneDrive\Escritorio\5to Semestre\Arquitectura de Computadoras\Practicas\Practica\ruta\ruta.vhd".
    Found 2-bit register for signal <edo_pres>.
    Found finite state machine <FSM_0> for signal <edo_pres>.
    -----------------------------------------------------------------------
    | States             | 3                                              |
    | Transitions        | 4                                              |
    | Inputs             | 1                                              |
    | Outputs            | 3                                              |
    | Clock              | clk (rising_edge)                              |
    | Reset              | clr (positive)                                 |
    | Reset type         | asynchronous                                   |
    | Reset State        | carga                                          |
    | Power Up State     | carga                                          |
    | Encoding           | auto                                           |
    | Implementation     | LUT                                            |
    -----------------------------------------------------------------------
    Summary:
	inferred   1 Finite State Machine(s).
Unit <u_control> synthesized.

=========================================================================
HDL Synthesis Report

Macro Statistics
# Adders/Subtractors                                   : 1
 8-bit subtractor                                      : 1
# Registers                                            : 2
 8-bit register                                        : 2
# Multiplexers                                         : 1
 8-bit 2-to-1 multiplexer                              : 1
# FSMs                                                 : 1

=========================================================================

=========================================================================
*                       Advanced HDL Synthesis                          *
=========================================================================


=========================================================================
Advanced HDL Synthesis Report

Macro Statistics
# Adders/Subtractors                                   : 1
 8-bit subtractor                                      : 1
# Registers                                            : 16
 Flip-Flops                                            : 16
# Multiplexers                                         : 1
 8-bit 2-to-1 multiplexer                              : 1
# FSMs                                                 : 1

=========================================================================

=========================================================================
*                         Low Level Synthesis                           *
=========================================================================
Analyzing FSM <MFsm> for best encoding.
Optimizing FSM <FSM_0> on signal <edo_pres[1:3]> with one-hot encoding.
-----------------------
 State     | Encoding
-----------------------
 carga     | 001
 operacion | 100
 final     | 010
-----------------------

Optimizing unit <Instruccion_top> ...

Optimizing unit <ruta_datos> ...

Optimizing unit <registro> ...

Mapping all equations...
Building and optimizing final netlist ...
Found area constraint ratio of 100 (+ 5) on block Instruccion_top, actual ratio is 0.

Final Macro Processing ...

=========================================================================
Final Register Report

Macro Statistics
# Registers                                            : 19
 Flip-Flops                                            : 19

=========================================================================

=========================================================================
*                           Partition Report                            *
=========================================================================

Partition Implementation Status
-------------------------------

  No Partitions were found in this design.

-------------------------------

=========================================================================
*                            Design Summary                             *
=========================================================================

Top Level Output File Name         : Instruccion_top.ngc

Primitive and Black Box Usage:
------------------------------
# BELS                             : 40
#      INV                         : 2
#      LUT2                        : 10
#      LUT3                        : 11
#      LUT6                        : 1
#      MUXCY                       : 7
#      VCC                         : 1
#      XORCY                       : 8
# FlipFlops/Latches                : 19
#      FDC                         : 2
#      FDCE                        : 16
#      FDP                         : 1
# Clock Buffers                    : 1
#      BUFGP                       : 1
# IO Buffers                       : 30
#      IBUF                        : 18
#      OBUF                        : 12

Device utilization summary:
---------------------------

Selected Device : 7a100tcsg324-3 


Slice Logic Utilization: 
 Number of Slice Registers:              19  out of  126800     0%  
 Number of Slice LUTs:                   24  out of  63400     0%  
    Number used as Logic:                24  out of  63400     0%  

Slice Logic Distribution: 
 Number of LUT Flip Flop pairs used:     30
   Number with an unused Flip Flop:      11  out of     30    36%  
   Number with an unused LUT:             6  out of     30    20%  
   Number of fully used LUT-FF pairs:    13  out of     30    43%  
   Number of unique control sets:         3

IO Utilization: 
 Number of IOs:                          31
 Number of bonded IOBs:                  31  out of    210    14%  

Specific Feature Utilization:
 Number of BUFG/BUFGCTRLs:                1  out of     32     3%  

---------------------------
Partition Resource Summary:
---------------------------

  No Partitions were found in this design.

---------------------------


=========================================================================
Timing Report

NOTE: THESE TIMING NUMBERS ARE ONLY A SYNTHESIS ESTIMATE.
      FOR ACCURATE TIMING INFORMATION PLEASE REFER TO THE TRACE REPORT
      GENERATED AFTER PLACE-and-ROUTE.

Clock Information:
------------------
-----------------------------------+------------------------+-------+
Clock Signal                       | Clock buffer(FF name)  | Load  |
-----------------------------------+------------------------+-------+
clk                                | BUFGP                  | 19    |
-----------------------------------+------------------------+-------+

Asynchronous Control Signals Information:
----------------------------------------
No asynchronous control signals found in this design

Timing Summary:
---------------
Speed Grade: -3

   Minimum period: 2.122ns (Maximum Frequency: 471.320MHz)
   Minimum input arrival time before clock: 0.713ns
   Maximum output required time after clock: 2.872ns
   Maximum combinational path delay: No path found

Timing Details:
---------------
All values displayed in nanoseconds (ns)

=========================================================================
Timing constraint: Default period analysis for Clock 'clk'
  Clock period: 2.122ns (frequency: 471.320MHz)
  Total number of paths / destination ports: 127 / 27
-------------------------------------------------------------------------
Delay:               2.122ns (Levels of Logic = 10)
  Source:            cto1/registro_D/qaux_0 (FF)
  Destination:       cto1/registro_D/qaux_7 (FF)
  Source Clock:      clk rising
  Destination Clock: clk rising

  Data Path: cto1/registro_D/qaux_0 to cto1/registro_D/qaux_7
                                Gate     Net
    Cell:in->out      fanout   Delay   Delay  Logical Name (Net Name)
    ----------------------------------------  ------------
     FDCE:C->Q             2   0.361   0.383  cto1/registro_D/qaux_0 (cto1/registro_D/qaux_0)
     LUT2:I0->O            1   0.097   0.000  cto1/Msub_s_aux<7:0>_lut<0> (cto1/Msub_s_aux<7:0>_lut<0>)
     MUXCY:S->O            1   0.353   0.000  cto1/Msub_s_aux<7:0>_cy<0> (cto1/Msub_s_aux<7:0>_cy<0>)
     MUXCY:CI->O           1   0.023   0.000  cto1/Msub_s_aux<7:0>_cy<1> (cto1/Msub_s_aux<7:0>_cy<1>)
     MUXCY:CI->O           1   0.023   0.000  cto1/Msub_s_aux<7:0>_cy<2> (cto1/Msub_s_aux<7:0>_cy<2>)
     MUXCY:CI->O           1   0.023   0.000  cto1/Msub_s_aux<7:0>_cy<3> (cto1/Msub_s_aux<7:0>_cy<3>)
     MUXCY:CI->O           1   0.023   0.000  cto1/Msub_s_aux<7:0>_cy<4> (cto1/Msub_s_aux<7:0>_cy<4>)
     MUXCY:CI->O           1   0.023   0.000  cto1/Msub_s_aux<7:0>_cy<5> (cto1/Msub_s_aux<7:0>_cy<5>)
     MUXCY:CI->O           0   0.023   0.000  cto1/Msub_s_aux<7:0>_cy<6> (cto1/Msub_s_aux<7:0>_cy<6>)
     XORCY:CI->O           5   0.370   0.314  cto1/Msub_s_aux<7:0>_xor<7> (N_OBUF)
     LUT3:I2->O            1   0.097   0.000  cto1/Mmux_mux_aux81 (cto1/mux_aux<7>)
     FDCE:D                    0.008          cto1/registro_D/qaux_7
    ----------------------------------------
    Total                      2.122ns (1.424ns logic, 0.698ns route)
                                       (67.1% logic, 32.9% route)

=========================================================================
Timing constraint: Default OFFSET IN BEFORE for Clock 'clk'
  Total number of paths / destination ports: 37 / 37
-------------------------------------------------------------------------
Offset:              0.713ns (Levels of Logic = 1)
  Source:            clr (PAD)
  Destination:       cto2/edo_pres_FSM_FFd3 (FF)
  Destination Clock: clk rising

  Data Path: clr to cto2/edo_pres_FSM_FFd3
                                Gate     Net
    Cell:in->out      fanout   Delay   Delay  Logical Name (Net Name)
    ----------------------------------------  ------------
     IBUF:I->O            19   0.001   0.363  clr_IBUF (clr_IBUF)
     FDP:PRE                   0.349          cto2/edo_pres_FSM_FFd3
    ----------------------------------------
    Total                      0.713ns (0.350ns logic, 0.363ns route)
                                       (49.1% logic, 50.9% route)

=========================================================================
Timing constraint: Default OFFSET OUT AFTER for Clock 'clk'
  Total number of paths / destination ports: 181 / 12
-------------------------------------------------------------------------
Offset:              2.872ns (Levels of Logic = 7)
  Source:            cto1/registro_D/qaux_0 (FF)
  Destination:       Z (PAD)
  Source Clock:      clk rising

  Data Path: cto1/registro_D/qaux_0 to Z
                                Gate     Net
    Cell:in->out      fanout   Delay   Delay  Logical Name (Net Name)
    ----------------------------------------  ------------
     FDCE:C->Q             2   0.361   0.383  cto1/registro_D/qaux_0 (cto1/registro_D/qaux_0)
     LUT2:I0->O            1   0.097   0.000  cto1/Msub_s_aux<7:0>_lut<0> (cto1/Msub_s_aux<7:0>_lut<0>)
     MUXCY:S->O            1   0.353   0.000  cto1/Msub_s_aux<7:0>_cy<0> (cto1/Msub_s_aux<7:0>_cy<0>)
     MUXCY:CI->O           1   0.023   0.000  cto1/Msub_s_aux<7:0>_cy<1> (cto1/Msub_s_aux<7:0>_cy<1>)
     XORCY:CI->O           2   0.370   0.515  cto1/Msub_s_aux<7:0>_xor<2> (cto1/s_aux<2>)
     LUT3:I0->O            1   0.097   0.295  cto1/Z_SW0 (N2)
     LUT6:I5->O            1   0.097   0.279  cto1/Z (Z_OBUF)
     OBUF:I->O                 0.000          Z_OBUF (Z)
    ----------------------------------------
    Total                      2.872ns (1.398ns logic, 1.474ns route)
                                       (48.7% logic, 51.3% route)

=========================================================================

Cross Clock Domains Report:
--------------------------

Clock to Setup on destination clock clk
---------------+---------+---------+---------+---------+
               | Src:Rise| Src:Fall| Src:Rise| Src:Fall|
Source Clock   |Dest:Rise|Dest:Rise|Dest:Fall|Dest:Fall|
---------------+---------+---------+---------+---------+
clk            |    2.122|         |         |         |
---------------+---------+---------+---------+---------+

=========================================================================


Total REAL time to Xst completion: 9.00 secs
Total CPU time to Xst completion: 8.76 secs
 
--> 

Total memory usage is 4618052 kilobytes

Number of errors   :    0 (   0 filtered)
Number of warnings :    0 (   0 filtered)
Number of infos    :    0 (   0 filtered)

