Command line:
   ALU_isim_beh.exe
     -simmode  gui
     -simrunnum  0
     -socket  63258

Tue Jan 17 19:00:18 2023


 Elaboration Time: 0.03125 sec

 Current Memory Usage: 5150.26 Meg

 Total Signals          : 6
 Total Nets             : 36
 Total Signal Drivers   : 3
 Total Blocks           : 4
 Total Primitive Blocks : 4
 Total Processes        : 2
 Total Traceable Variables  : 10
 Total Scalar Nets and Variables : 414
Total Line Count : 11

 Total Simulation Time: 0.03125 sec

 Current Memory Usage: 5150.26 Meg

Tue Jan 17 19:00:27 2023

