Release 14.7 - xst P.20131013 (nt64)
Copyright (c) 1995-2013 Xilinx, Inc.  All rights reserved.
--> Parameter TMPDIR set to xst/projnav.tmp


Total REAL time to Xst completion: 0.00 secs
Total CPU time to Xst completion: 0.12 secs
 
--> Parameter xsthdpdir set to xst


Total REAL time to Xst completion: 0.00 secs
Total CPU time to Xst completion: 0.12 secs
 
--> Reading design: Instruccion_top.prj

TABLE OF CONTENTS
  1) Synthesis Options Summary
  2) HDL Parsing
  3) HDL Elaboration
  4) HDL Synthesis
       4.1) HDL Synthesis Report
  5) Advanced HDL Synthesis
       5.1) Advanced HDL Synthesis Report
  6) Low Level Synthesis
  7) Partition Report
  8) Design Summary
       8.1) Primitive and Black Box Usage
       8.2) Device utilization summary
       8.3) Partition Resource Summary
       8.4) Timing Report
            8.4.1) Clock Information
            8.4.2) Asynchronous Control Signals Information
            8.4.3) Timing Summary
            8.4.4) Timing Details
            8.4.5) Cross Clock Domains Report


=========================================================================
*                      Synthesis Options Summary                        *
=========================================================================
---- Source Parameters
Input File Name                    : "Instruccion_top.prj"
Ignore Synthesis Constraint File   : NO

---- Target Parameters
Output File Name                   : "Instruccion_top"
Output Format                      : NGC
Target Device                      : xc7a100t-3-csg324

---- Source Options
Top Module Name                    : Instruccion_top
Automatic FSM Extraction           : YES
FSM Encoding Algorithm             : Auto
Safe Implementation                : No
FSM Style                          : LUT
RAM Extraction                     : Yes
RAM Style                          : Auto
ROM Extraction                     : Yes
Shift Register Extraction          : YES
ROM Style                          : Auto
Resource Sharing                   : YES
Asynchronous To Synchronous        : NO
Shift Register Minimum Size        : 2
Use DSP Block                      : Auto
Automatic Register Balancing       : No

---- Target Options
LUT Combining                      : Auto
Reduce Control Sets                : Auto
Add IO Buffers                     : YES
Global Maximum Fanout              : 100000
Add Generic Clock Buffer(BUFG)     : 32
Register Duplication               : YES
Optimize Instantiated Primitives   : NO
Use Clock Enable                   : Auto
Use Synchronous Set                : Auto
Use Synchronous Reset              : Auto
Pack IO Registers into IOBs        : Auto
Equivalent register Removal        : YES

---- General Options
Optimization Goal                  : Speed
Optimization Effort                : 1
Power Reduction                    : NO
Keep Hierarchy                     : No
Netlist Hierarchy                  : As_Optimized
RTL Output                         : Yes
Global Optimization                : AllClockNets
Read Cores                         : YES
Write Timing Constraints           : NO
Cross Clock Analysis               : NO
Hierarchy Separator                : /
Bus Delimiter                      : <>
Case Specifier                     : Maintain
Slice Utilization Ratio            : 100
BRAM Utilization Ratio             : 100
DSP48 Utilization Ratio            : 100
Auto BRAM Packing                  : NO
Slice Utilization Ratio Delta      : 5

=========================================================================


=========================================================================
*                          HDL Parsing                                  *
=========================================================================
Parsing VHDL file "C:\Users\jvmom\OneDrive\Escritorio\5to Semestre\Arquitectura de Computadoras\Practicas\Practica2\Registro\registro.vhd" into library work
Parsing entity <registro>.
Parsing architecture <Behavioral> of entity <registro>.
Parsing VHDL file "C:\Users\jvmom\OneDrive\Escritorio\5to Semestre\Arquitectura de Computadoras\Practicas\Practica2\Unidad_Control\U_Control.vhd" into library work
Parsing entity <u_control>.
Parsing architecture <Behavioral> of entity <u_control>.
Parsing VHDL file "C:\Users\jvmom\OneDrive\Escritorio\5to Semestre\Arquitectura de Computadoras\Practicas\Practica2\ALU\ALU.vhd" into library work
Parsing entity <ALU>.
Parsing architecture <Behavioral> of entity <alu>.
Parsing VHDL file "C:\Users\jvmom\OneDrive\Escritorio\5to Semestre\Arquitectura de Computadoras\Practicas\Practica2\Instruccion_top\Instruccion_top.vhd" into library work
Parsing entity <Instruccion_top>.
Parsing architecture <Behavioral> of entity <instruccion_top>.

=========================================================================
*                            HDL Elaboration                            *
=========================================================================

Elaborating entity <Instruccion_top> (architecture <Behavioral>) from library <work>.

Elaborating entity <ALU> (architecture <Behavioral>) from library <work>.

Elaborating entity <registro> (architecture <Behavioral>) from library <work>.

Elaborating entity <u_control> (architecture <Behavioral>) from library <work>.

=========================================================================
*                           HDL Synthesis                               *
=========================================================================

Synthesizing Unit <Instruccion_top>.
    Related source file is "C:\Users\jvmom\OneDrive\Escritorio\5to Semestre\Arquitectura de Computadoras\Practicas\Practica2\Instruccion_top\Instruccion_top.vhd".
    Summary:
	no macro.
Unit <Instruccion_top> synthesized.

Synthesizing Unit <ALU>.
    Related source file is "C:\Users\jvmom\OneDrive\Escritorio\5to Semestre\Arquitectura de Computadoras\Practicas\Practica2\ALU\ALU.vhd".
    Found 8-bit adder for signal <A_aux[7]_B_aux[7]_add_0_OUT> created at line 60.
    Found 8-bit subtractor for signal <GND_6_o_GND_6_o_sub_2_OUT<7:0>> created at line 61.
    Found 8-bit 8-to-1 multiplexer for signal <F_aux> created at line 59.
    Summary:
	inferred   1 Adder/Subtractor(s).
	inferred   7 Multiplexer(s).
Unit <ALU> synthesized.

Synthesizing Unit <registro>.
    Related source file is "C:\Users\jvmom\OneDrive\Escritorio\5to Semestre\Arquitectura de Computadoras\Practicas\Practica2\Registro\registro.vhd".
    Found 8-bit register for signal <qaux>.
    Summary:
	inferred   8 D-type flip-flop(s).
Unit <registro> synthesized.

Synthesizing Unit <u_control>.
    Related source file is "C:\Users\jvmom\OneDrive\Escritorio\5to Semestre\Arquitectura de Computadoras\Practicas\Practica2\Unidad_Control\U_Control.vhd".
    Found 2-bit register for signal <edo_pres>.
    Found finite state machine <FSM_0> for signal <edo_pres>.
    -----------------------------------------------------------------------
    | States             | 3                                              |
    | Transitions        | 4                                              |
    | Inputs             | 1                                              |
    | Outputs            | 3                                              |
    | Clock              | clk (rising_edge)                              |
    | Reset              | clr (positive)                                 |
    | Reset type         | asynchronous                                   |
    | Reset State        | carga                                          |
    | Power Up State     | carga                                          |
    | Encoding           | auto                                           |
    | Implementation     | LUT                                            |
    -----------------------------------------------------------------------
    Summary:
	inferred   1 Finite State Machine(s).
Unit <u_control> synthesized.

=========================================================================
HDL Synthesis Report

Macro Statistics
# Adders/Subtractors                                   : 1
 8-bit addsub                                          : 1
# Registers                                            : 2
 8-bit register                                        : 2
# Multiplexers                                         : 7
 8-bit 2-to-1 multiplexer                              : 7
# FSMs                                                 : 1
# Xors                                                 : 1
 8-bit xor2                                            : 1

=========================================================================
INFO:Xst:1767 - HDL ADVISOR - Resource sharing has identified that some arithmetic operations in this design can share the same physical resources for reduced device utilization. For improved clock frequency you may try to disable resource sharing.

=========================================================================
*                       Advanced HDL Synthesis                          *
=========================================================================


=========================================================================
Advanced HDL Synthesis Report

Macro Statistics
# Adders/Subtractors                                   : 1
 8-bit addsub                                          : 1
# Registers                                            : 16
 Flip-Flops                                            : 16
# Multiplexers                                         : 7
 8-bit 2-to-1 multiplexer                              : 7
# FSMs                                                 : 1
# Xors                                                 : 1
 8-bit xor2                                            : 1

=========================================================================

=========================================================================
*                         Low Level Synthesis                           *
=========================================================================
Analyzing FSM <MFsm> for best encoding.
Optimizing FSM <FSM_0> on signal <edo_pres[1:3]> with one-hot encoding.
-----------------------
 State     | Encoding
-----------------------
 carga     | 001
 operacion | 100
 final     | 010
-----------------------

Optimizing unit <Instruccion_top> ...

Optimizing unit <ALU> ...

Optimizing unit <registro> ...

Mapping all equations...
Building and optimizing final netlist ...
Found area constraint ratio of 100 (+ 5) on block Instruccion_top, actual ratio is 0.

Final Macro Processing ...

=========================================================================
Final Register Report

Macro Statistics
# Registers                                            : 19
 Flip-Flops                                            : 19

=========================================================================

=========================================================================
*                           Partition Report                            *
=========================================================================

Partition Implementation Status
-------------------------------

  No Partitions were found in this design.

-------------------------------

=========================================================================
*                            Design Summary                             *
=========================================================================

Top Level Output File Name         : Instruccion_top.ngc

Primitive and Black Box Usage:
------------------------------
# BELS                             : 77
#      INV                         : 2
#      LUT2                        : 2
#      LUT3                        : 16
#      LUT4                        : 6
#      LUT5                        : 12
#      LUT6                        : 19
#      MUXCY                       : 7
#      MUXF7                       : 5
#      XORCY                       : 8
# FlipFlops/Latches                : 19
#      FDC                         : 2
#      FDCE                        : 16
#      FDP                         : 1
# Clock Buffers                    : 1
#      BUFGP                       : 1
# IO Buffers                       : 30
#      IBUF                        : 21
#      OBUF                        : 9

Device utilization summary:
---------------------------

Selected Device : 7a100tcsg324-3 


Slice Logic Utilization: 
 Number of Slice Registers:              19  out of  126800     0%  
 Number of Slice LUTs:                   57  out of  63400     0%  
    Number used as Logic:                57  out of  63400     0%  

Slice Logic Distribution: 
 Number of LUT Flip Flop pairs used:     62
   Number with an unused Flip Flop:      43  out of     62    69%  
   Number with an unused LUT:             5  out of     62     8%  
   Number of fully used LUT-FF pairs:    14  out of     62    22%  
   Number of unique control sets:         3

IO Utilization: 
 Number of IOs:                          31
 Number of bonded IOBs:                  31  out of    210    14%  

Specific Feature Utilization:
 Number of BUFG/BUFGCTRLs:                1  out of     32     3%  

---------------------------
Partition Resource Summary:
---------------------------

  No Partitions were found in this design.

---------------------------


=========================================================================
Timing Report

NOTE: THESE TIMING NUMBERS ARE ONLY A SYNTHESIS ESTIMATE.
      FOR ACCURATE TIMING INFORMATION PLEASE REFER TO THE TRACE REPORT
      GENERATED AFTER PLACE-and-ROUTE.

Clock Information:
------------------
-----------------------------------+------------------------+-------+
Clock Signal                       | Clock buffer(FF name)  | Load  |
-----------------------------------+------------------------+-------+
clk                                | BUFGP                  | 19    |
-----------------------------------+------------------------+-------+

Asynchronous Control Signals Information:
----------------------------------------
No asynchronous control signals found in this design

Timing Summary:
---------------
Speed Grade: -3

   Minimum period: 2.237ns (Maximum Frequency: 447.027MHz)
   Minimum input arrival time before clock: 2.111ns
   Maximum output required time after clock: 3.391ns
   Maximum combinational path delay: 3.265ns

Timing Details:
---------------
All values displayed in nanoseconds (ns)

=========================================================================
Timing constraint: Default period analysis for Clock 'clk'
  Clock period: 2.237ns (frequency: 447.027MHz)
  Total number of paths / destination ports: 214 / 27
-------------------------------------------------------------------------
Delay:               2.237ns (Levels of Logic = 6)
  Source:            cto1/registro_B/qaux_0 (FF)
  Destination:       cto1/registro_A/qaux_3 (FF)
  Source Clock:      clk rising
  Destination Clock: clk rising

  Data Path: cto1/registro_B/qaux_0 to cto1/registro_A/qaux_3
                                Gate     Net
    Cell:in->out      fanout   Delay   Delay  Logical Name (Net Name)
    ----------------------------------------  ------------
     FDCE:C->Q             2   0.361   0.383  cto1/registro_B/qaux_0 (cto1/registro_B/qaux_0)
     LUT3:I1->O            1   0.097   0.000  cto1/Mmux_F_aux1_rs_lut<0> (cto1/Mmux_F_aux1_rs_lut<0>)
     MUXCY:S->O            1   0.353   0.000  cto1/Mmux_F_aux1_rs_cy<0> (cto1/Mmux_F_aux1_rs_cy<0>)
     MUXCY:CI->O           1   0.023   0.000  cto1/Mmux_F_aux1_rs_cy<1> (cto1/Mmux_F_aux1_rs_cy<1>)
     MUXCY:CI->O           1   0.023   0.000  cto1/Mmux_F_aux1_rs_cy<2> (cto1/Mmux_F_aux1_rs_cy<2>)
     XORCY:CI->O           2   0.370   0.284  cto1/Mmux_F_aux1_rs_xor<3> (cto1/Mmux_F_aux1_split<3>)
     MUXF7:S->O            1   0.335   0.000  cto1/Mmux_mux_aux41 (cto1/mux_aux<3>)
     FDCE:D                    0.008          cto1/registro_A/qaux_3
    ----------------------------------------
    Total                      2.237ns (1.570ns logic, 0.667ns route)
                                       (70.2% logic, 29.8% route)

=========================================================================
Timing constraint: Default OFFSET IN BEFORE for Clock 'clk'
  Total number of paths / destination ports: 159 / 37
-------------------------------------------------------------------------
Offset:              2.111ns (Levels of Logic = 7)
  Source:            S<0> (PAD)
  Destination:       cto1/registro_A/qaux_3 (FF)
  Destination Clock: clk rising

  Data Path: S<0> to cto1/registro_A/qaux_3
                                Gate     Net
    Cell:in->out      fanout   Delay   Delay  Logical Name (Net Name)
    ----------------------------------------  ------------
     IBUF:I->O            29   0.001   0.618  S_0_IBUF (S_0_IBUF)
     LUT3:I0->O            1   0.097   0.000  cto1/Mmux_F_aux1_rs_lut<0> (cto1/Mmux_F_aux1_rs_lut<0>)
     MUXCY:S->O            1   0.353   0.000  cto1/Mmux_F_aux1_rs_cy<0> (cto1/Mmux_F_aux1_rs_cy<0>)
     MUXCY:CI->O           1   0.023   0.000  cto1/Mmux_F_aux1_rs_cy<1> (cto1/Mmux_F_aux1_rs_cy<1>)
     MUXCY:CI->O           1   0.023   0.000  cto1/Mmux_F_aux1_rs_cy<2> (cto1/Mmux_F_aux1_rs_cy<2>)
     XORCY:CI->O           2   0.370   0.284  cto1/Mmux_F_aux1_rs_xor<3> (cto1/Mmux_F_aux1_split<3>)
     MUXF7:S->O            1   0.335   0.000  cto1/Mmux_mux_aux41 (cto1/mux_aux<3>)
     FDCE:D                    0.008          cto1/registro_A/qaux_3
    ----------------------------------------
    Total                      2.111ns (1.210ns logic, 0.901ns route)
                                       (57.3% logic, 42.7% route)

=========================================================================
Timing constraint: Default OFFSET OUT AFTER for Clock 'clk'
  Total number of paths / destination ports: 170 / 9
-------------------------------------------------------------------------
Offset:              3.391ns (Levels of Logic = 12)
  Source:            cto1/registro_B/qaux_0 (FF)
  Destination:       Z (PAD)
  Source Clock:      clk rising

  Data Path: cto1/registro_B/qaux_0 to Z
                                Gate     Net
    Cell:in->out      fanout   Delay   Delay  Logical Name (Net Name)
    ----------------------------------------  ------------
     FDCE:C->Q             2   0.361   0.383  cto1/registro_B/qaux_0 (cto1/registro_B/qaux_0)
     LUT3:I1->O            1   0.097   0.000  cto1/Mmux_F_aux1_rs_lut<0> (cto1/Mmux_F_aux1_rs_lut<0>)
     MUXCY:S->O            1   0.353   0.000  cto1/Mmux_F_aux1_rs_cy<0> (cto1/Mmux_F_aux1_rs_cy<0>)
     MUXCY:CI->O           1   0.023   0.000  cto1/Mmux_F_aux1_rs_cy<1> (cto1/Mmux_F_aux1_rs_cy<1>)
     MUXCY:CI->O           1   0.023   0.000  cto1/Mmux_F_aux1_rs_cy<2> (cto1/Mmux_F_aux1_rs_cy<2>)
     MUXCY:CI->O           1   0.023   0.000  cto1/Mmux_F_aux1_rs_cy<3> (cto1/Mmux_F_aux1_rs_cy<3>)
     MUXCY:CI->O           1   0.023   0.000  cto1/Mmux_F_aux1_rs_cy<4> (cto1/Mmux_F_aux1_rs_cy<4>)
     MUXCY:CI->O           1   0.023   0.000  cto1/Mmux_F_aux1_rs_cy<5> (cto1/Mmux_F_aux1_rs_cy<5>)
     MUXCY:CI->O           0   0.023   0.000  cto1/Mmux_F_aux1_rs_cy<6> (cto1/Mmux_F_aux1_rs_cy<6>)
     XORCY:CI->O           2   0.370   0.283  cto1/Mmux_F_aux1_rs_xor<7> (cto1/Mmux_F_aux1_split<7>)
     MUXF7:S->O            1   0.335   0.693  cto1/Mmux_F_aux78 (cto1/Mmux_F_aux7_split<7>)
     LUT6:I0->O            1   0.097   0.279  cto1/Z (Z_OBUF)
     OBUF:I->O                 0.000          Z_OBUF (Z)
    ----------------------------------------
    Total                      3.391ns (1.751ns logic, 1.640ns route)
                                       (51.6% logic, 48.4% route)

=========================================================================
Timing constraint: Default path analysis
  Total number of paths / destination ports: 104 / 1
-------------------------------------------------------------------------
Delay:               3.265ns (Levels of Logic = 13)
  Source:            S<0> (PAD)
  Destination:       Z (PAD)

  Data Path: S<0> to Z
                                Gate     Net
    Cell:in->out      fanout   Delay   Delay  Logical Name (Net Name)
    ----------------------------------------  ------------
     IBUF:I->O            29   0.001   0.618  S_0_IBUF (S_0_IBUF)
     LUT3:I0->O            1   0.097   0.000  cto1/Mmux_F_aux1_rs_lut<0> (cto1/Mmux_F_aux1_rs_lut<0>)
     MUXCY:S->O            1   0.353   0.000  cto1/Mmux_F_aux1_rs_cy<0> (cto1/Mmux_F_aux1_rs_cy<0>)
     MUXCY:CI->O           1   0.023   0.000  cto1/Mmux_F_aux1_rs_cy<1> (cto1/Mmux_F_aux1_rs_cy<1>)
     MUXCY:CI->O           1   0.023   0.000  cto1/Mmux_F_aux1_rs_cy<2> (cto1/Mmux_F_aux1_rs_cy<2>)
     MUXCY:CI->O           1   0.023   0.000  cto1/Mmux_F_aux1_rs_cy<3> (cto1/Mmux_F_aux1_rs_cy<3>)
     MUXCY:CI->O           1   0.023   0.000  cto1/Mmux_F_aux1_rs_cy<4> (cto1/Mmux_F_aux1_rs_cy<4>)
     MUXCY:CI->O           1   0.023   0.000  cto1/Mmux_F_aux1_rs_cy<5> (cto1/Mmux_F_aux1_rs_cy<5>)
     MUXCY:CI->O           0   0.023   0.000  cto1/Mmux_F_aux1_rs_cy<6> (cto1/Mmux_F_aux1_rs_cy<6>)
     XORCY:CI->O           2   0.370   0.283  cto1/Mmux_F_aux1_rs_xor<7> (cto1/Mmux_F_aux1_split<7>)
     MUXF7:S->O            1   0.335   0.693  cto1/Mmux_F_aux78 (cto1/Mmux_F_aux7_split<7>)
     LUT6:I0->O            1   0.097   0.279  cto1/Z (Z_OBUF)
     OBUF:I->O                 0.000          Z_OBUF (Z)
    ----------------------------------------
    Total                      3.265ns (1.391ns logic, 1.874ns route)
                                       (42.6% logic, 57.4% route)

=========================================================================

Cross Clock Domains Report:
--------------------------

Clock to Setup on destination clock clk
---------------+---------+---------+---------+---------+
               | Src:Rise| Src:Fall| Src:Rise| Src:Fall|
Source Clock   |Dest:Rise|Dest:Rise|Dest:Fall|Dest:Fall|
---------------+---------+---------+---------+---------+
clk            |    2.237|         |         |         |
---------------+---------+---------+---------+---------+

=========================================================================


Total REAL time to Xst completion: 10.00 secs
Total CPU time to Xst completion: 10.19 secs
 
--> 

Total memory usage is 4618052 kilobytes

Number of errors   :    0 (   0 filtered)
Number of warnings :    0 (   0 filtered)
Number of infos    :    1 (   0 filtered)

